TN:
SF:src/App.tsx
FN:9,App
FN:13,open
FN:14,close
FN:20,onClick
FN:21,onClick
FNF:5
FNH:5
FNDA:13,App
FNDA:4,open
FNDA:3,close
FNDA:1,onClick
FNDA:3,onClick
DA:1,1
DA:2,1
DA:3,1
DA:4,1
DA:5,1
DA:6,1
DA:7,1
DA:9,13
DA:10,13
DA:11,13
DA:12,13
DA:13,13
DA:14,13
DA:16,13
DA:17,13
DA:18,13
DA:19,13
DA:20,13
DA:21,13
DA:22,13
DA:23,13
DA:24,13
DA:25,13
DA:26,13
DA:27,13
DA:28,13
DA:29,13
DA:30,13
DA:31,13
DA:32,13
DA:33,13
DA:35,13
LF:32
LH:32
BRDA:9,0,0,13
BRDA:17,1,0,5
BRDA:17,2,0,8
BRDA:22,3,0,5
BRDA:22,4,0,8
BRDA:23,5,0,5
BRDA:23,6,0,8
BRDA:29,7,0,3
BRDA:29,8,0,10
BRDA:30,9,0,1
BRDA:31,10,0,3
BRDA:11,11,0,19
BRDA:13,12,0,4
BRDA:14,13,0,3
BRDA:20,14,0,1
BRDA:21,15,0,3
BRDA:27,16,0,2
BRF:17
BRH:17
end_of_record
TN:
SF:src/components/Modal.tsx
FN:12,Modal
FN:20,onKey
FN:33,onOverlay
FNF:3
FNH:3
FNDA:16,Modal
FNDA:68,onKey
FNDA:22,onOverlay
DA:1,1
DA:2,1
DA:12,16
DA:13,16
DA:14,16
DA:16,16
DA:17,16
DA:18,7
DA:19,16
DA:20,16
DA:21,16
DA:22,16
DA:23,16
DA:24,16
DA:25,7
DA:26,7
DA:27,7
DA:28,7
DA:29,16
DA:31,16
DA:33,7
DA:34,22
DA:35,22
DA:37,7
DA:38,7
DA:39,16
DA:40,16
DA:41,16
DA:42,16
DA:43,16
DA:44,16
DA:45,16
DA:46,16
DA:47,16
LF:34
LH:34
BRDA:12,0,0,16
BRDA:31,1,0,11
BRDA:31,2,0,9
BRDA:31,3,0,7
BRDA:39,4,0,2
BRDA:39,5,0,5
BRDA:16,6,0,16
BRDA:17,7,0,11
BRDA:17,8,0,9
BRDA:17,9,0,7
BRDA:20,10,0,68
BRDA:20,11,0,2
BRDA:24,12,0,7
BRDA:33,13,0,22
BRDA:34,14,0,1
BRF:15
BRH:15
end_of_record
TN:
SF:src/components/Tile.tsx
FN:3,Tile
FNF:1
FNH:1
FNDA:6,Tile
DA:1,1
DA:3,6
DA:4,6
DA:5,6
DA:6,6
DA:7,6
DA:8,6
DA:9,6
DA:10,6
DA:11,6
DA:12,6
DA:14,6
LF:12
LH:12
BRDA:3,0,0,6
BRDA:7,1,0,2
BRDA:7,2,0,4
BRDA:5,3,0,2
BRDA:5,4,0,2
BRDA:5,5,0,2
BRF:6
BRH:6
end_of_record
TN:
SF:src/forms/CountryAutocomplete.tsx
FN:4,CountryAutocomplete
FN:25,select
FN:39,onFocus
FN:40,onChange
FN:46,onKeyDown
FN:54,onBlur
FN:65,onMouseDown
FNF:7
FNH:7
FNDA:56,CountryAutocomplete
FNDA:4,select
FNDA:6,onFocus
FNDA:20,onChange
FNDA:22,onKeyDown
FNDA:4,onBlur
FNDA:3,onMouseDown
DA:1,1
DA:2,1
DA:4,56
DA:5,56
DA:6,56
DA:7,56
DA:8,56
DA:9,56
DA:10,56
DA:11,56
DA:12,56
DA:14,56
DA:15,32
DA:16,32
DA:17,24
DA:18,56
DA:20,56
DA:21,56
DA:22,56
DA:23,56
DA:25,56
DA:26,4
DA:27,4
DA:28,4
DA:29,4
DA:30,4
DA:32,56
DA:33,56
DA:34,56
DA:35,56
DA:36,56
DA:37,56
DA:38,56
DA:39,56
DA:40,56
DA:41,20
DA:42,20
DA:43,20
DA:44,20
DA:45,20
DA:46,56
DA:47,22
DA:48,1
DA:49,1
DA:50,22
DA:51,1
DA:52,1
DA:53,22
DA:54,56
DA:55,56
DA:56,56
DA:57,56
DA:58,56
DA:59,56
DA:60,19
DA:61,19
DA:62,45
DA:63,45
DA:64,45
DA:65,45
DA:66,3
DA:67,3
DA:68,3
DA:70,45
DA:71,45
DA:72,45
DA:73,19
DA:74,19
DA:76,56
DA:78,56
LF:70
LH:70
BRDA:4,0,0,56
BRDA:10,1,0,50
BRDA:33,2,0,19
BRDA:33,3,0,37
BRDA:59,4,0,19
BRDA:59,5,0,19
BRDA:9,6,0,66
BRDA:14,7,0,32
BRDA:16,8,0,8
BRDA:16,9,0,24
BRDA:17,10,0,392
BRDA:21,11,0,32
BRDA:21,12,0,481
BRDA:25,13,0,4
BRDA:39,14,0,6
BRDA:40,15,0,20
BRDA:44,16,0,19
BRDA:43,17,0,300
BRDA:46,18,0,22
BRDA:47,19,0,1
BRDA:47,20,0,1
BRDA:50,21,0,21
BRDA:50,22,0,1
BRDA:54,23,0,4
BRDA:54,24,0,3
BRDA:61,25,0,45
BRDA:65,26,0,3
BRF:27
BRH:27
end_of_record
TN:
SF:src/forms/password.ts
FN:1,getPasswordStrength
FNF:1
FNH:1
FNDA:4,getPasswordStrength
DA:1,1
DA:2,4
DA:3,4
DA:4,4
DA:5,4
DA:6,4
DA:7,4
DA:8,4
LF:8
LH:8
BRDA:1,0,0,4
BRF:1
BRH:1
end_of_record
TN:
SF:src/forms/schema.ts
FN:13,__vite_ssr_import_0__.z.object.refine.path
FNF:1
FNH:1
FNDA:6,__vite_ssr_import_0__.z.object.refine.path
DA:1,1
DA:2,1
DA:3,1
DA:4,1
DA:5,1
DA:6,1
DA:7,1
DA:8,1
DA:9,1
DA:10,1
DA:11,1
DA:12,1
DA:13,1
LF:13
LH:13
BRDA:13,0,0,6
BRF:1
BRH:1
end_of_record
TN:
SF:src/hooks/useCompact.ts
FN:3,useCompact
FN:15,toggle
FNF:2
FNH:2
FNDA:17,useCompact
FNDA:4,toggle
DA:1,1
DA:3,17
DA:4,17
DA:5,6
DA:6,6
DA:7,17
DA:8,17
DA:9,10
DA:10,10
DA:11,10
DA:12,2
DA:13,2
DA:14,17
DA:15,17
DA:16,17
DA:17,17
LF:16
LH:16
BRDA:3,0,0,17
BRDA:4,1,0,6
BRDA:5,2,0,0
BRDA:8,3,0,10
BRDA:10,4,0,4
BRDA:10,5,0,6
BRDA:11,6,0,2
BRDA:15,7,0,4
BRDA:15,8,0,4
BRF:9
BRH:8
end_of_record
TN:
SF:src/store/countriesSlice.ts
FNF:0
FNH:0
DA:1,1
DA:3,1
DA:4,1
DA:5,1
DA:6,1
DA:7,1
DA:8,1
DA:9,1
DA:11,1
DA:12,1
DA:13,1
DA:14,1
DA:15,1
DA:17,1
LF:14
LH:14
BRF:0
BRH:0
end_of_record
TN:
SF:src/store/formsSlice.ts
FN:27,upsertEntry
FNF:1
FNH:1
FNDA:3,upsertEntry
DA:1,1
DA:21,1
DA:23,1
DA:24,1
DA:25,1
DA:26,1
DA:27,1
DA:28,3
DA:29,3
DA:30,1
DA:31,1
DA:33,1
DA:34,1
LF:13
LH:13
BRDA:27,0,0,3
BRF:1
BRH:1
end_of_record
TN:
SF:src/store/hooks.ts
FN:5,useAppDispatch
FNF:1
FNH:1
FNDA:29,useAppDispatch
DA:2,1
DA:5,1
DA:6,1
LF:3
LH:3
BRDA:5,0,0,29
BRF:1
BRH:1
end_of_record
TN:
SF:src/store/store.ts
FNF:0
FNH:0
DA:1,1
DA:2,1
DA:3,1
DA:4,1
LF:4
LH:4
BRF:0
BRH:0
end_of_record
