TN:
SF:src/App.tsx
FN:9,App
FN:13,open
FN:14,close
FN:20,onClick
FN:21,onClick
FNF:5
FNH:5
FNDA:10,App
FNDA:3,open
FNDA:3,close
FNDA:2,onClick
FNDA:1,onClick
DA:1,1
DA:2,1
DA:3,1
DA:4,1
DA:5,1
DA:6,1
DA:7,1
DA:9,10
DA:10,10
DA:11,10
DA:12,10
DA:13,10
DA:14,10
DA:16,10
DA:17,10
DA:18,10
DA:19,10
DA:20,10
DA:21,10
DA:22,10
DA:23,10
DA:24,10
DA:25,10
DA:26,10
DA:27,10
DA:28,10
DA:29,10
DA:30,10
DA:31,10
DA:32,10
DA:33,10
DA:35,10
LF:32
LH:32
BRDA:9,0,0,10
BRDA:17,1,0,3
BRDA:17,2,0,7
BRDA:22,3,0,3
BRDA:22,4,0,7
BRDA:23,5,0,3
BRDA:23,6,0,7
BRDA:29,7,0,1
BRDA:29,8,0,9
BRDA:30,9,0,2
BRDA:31,10,0,1
BRDA:11,11,0,15
BRDA:13,12,0,3
BRDA:14,13,0,3
BRDA:20,14,0,2
BRDA:21,15,0,1
BRDA:27,16,0,2
BRF:17
BRH:17
end_of_record
TN:
SF:src/components/Modal.tsx
FN:12,Modal
FN:20,onKey
FN:33,onOverlay
FNF:3
FNH:3
FNDA:13,Modal
FNDA:72,onKey
FNDA:23,onOverlay
DA:1,1
DA:2,1
DA:12,13
DA:13,13
DA:14,13
DA:16,13
DA:17,13
DA:18,6
DA:19,13
DA:20,13
DA:21,13
DA:22,13
DA:23,13
DA:24,13
DA:25,6
DA:26,6
DA:27,6
DA:28,6
DA:29,13
DA:31,13
DA:33,6
DA:34,23
DA:35,23
DA:37,6
DA:38,6
DA:39,13
DA:40,13
DA:41,13
DA:42,13
DA:43,13
DA:44,13
DA:45,13
DA:46,13
DA:47,13
LF:34
LH:34
BRDA:12,0,0,13
BRDA:31,1,0,7
BRDA:31,2,0,10
BRDA:31,3,0,6
BRDA:39,4,0,1
BRDA:39,5,0,5
BRDA:16,6,0,13
BRDA:17,7,0,8
BRDA:17,8,0,7
BRDA:17,9,0,6
BRDA:20,10,0,72
BRDA:20,11,0,2
BRDA:24,12,0,6
BRDA:33,13,0,23
BRDA:34,14,0,1
BRF:15
BRH:15
end_of_record
TN:
SF:src/components/Tile.tsx
FN:3,Tile
FNF:1
FNH:1
FNDA:6,Tile
DA:1,1
DA:3,6
DA:4,6
DA:5,6
DA:6,6
DA:7,6
DA:8,6
DA:9,6
DA:10,6
DA:11,6
DA:12,6
DA:14,6
LF:12
LH:12
BRDA:3,0,0,6
BRDA:7,1,0,2
BRDA:7,2,0,4
BRDA:5,3,0,2
BRDA:5,4,0,2
BRDA:5,5,0,2
BRF:6
BRH:6
end_of_record
TN:
SF:src/forms/CountryAutocomplete.tsx
FN:3,CountryAutocomplete
FN:10,onChange
FN:14,onClick
FNF:3
FNH:3
FNDA:41,CountryAutocomplete
FNDA:15,onChange
FNDA:3,onClick
DA:1,1
DA:2,1
DA:3,41
DA:4,41
DA:5,41
DA:6,41
DA:7,41
DA:8,41
DA:9,41
DA:10,41
DA:11,41
DA:12,41
DA:13,209
DA:14,209
DA:15,209
DA:16,41
DA:17,41
DA:18,41
DA:20,41
LF:19
LH:19
BRDA:3,0,0,41
BRDA:4,1,0,37
BRDA:5,2,0,47
BRDA:6,3,0,20
BRDA:6,4,0,780
BRDA:10,5,0,15
BRDA:12,6,0,209
BRDA:14,7,0,3
BRF:8
BRH:8
end_of_record
TN:
SF:src/forms/password.ts
FN:1,getPasswordStrength
FNF:1
FNH:1
FNDA:15,getPasswordStrength
DA:1,1
DA:2,15
DA:3,15
DA:4,15
DA:5,15
DA:6,15
DA:7,15
DA:8,15
LF:8
LH:8
BRDA:1,0,0,15
BRF:1
BRH:1
end_of_record
TN:
SF:src/forms/schema.ts
FN:13,__vite_ssr_import_0__.z.object.refine.path
FNF:1
FNH:1
FNDA:4,__vite_ssr_import_0__.z.object.refine.path
DA:1,1
DA:2,1
DA:3,1
DA:4,1
DA:5,1
DA:6,1
DA:7,1
DA:8,1
DA:9,1
DA:10,1
DA:11,1
DA:12,1
DA:13,1
LF:13
LH:13
BRDA:13,0,0,4
BRF:1
BRH:1
end_of_record
TN:
SF:src/hooks/useCompact.ts
FN:3,useCompact
FN:15,toggle
FNF:2
FNH:2
FNDA:14,useCompact
FNDA:3,toggle
DA:1,1
DA:3,14
DA:4,14
DA:5,5
DA:6,5
DA:7,14
DA:8,14
DA:9,8
DA:10,8
DA:11,8
DA:12,2
DA:13,2
DA:14,14
DA:15,14
DA:16,14
DA:17,14
LF:16
LH:16
BRDA:3,0,0,14
BRDA:4,1,0,5
BRDA:5,2,0,0
BRDA:8,3,0,8
BRDA:10,4,0,3
BRDA:10,5,0,5
BRDA:11,6,0,2
BRDA:15,7,0,3
BRDA:15,8,0,3
BRF:9
BRH:8
end_of_record
TN:
SF:src/store/countriesSlice.ts
FNF:0
FNH:0
DA:1,1
DA:3,1
DA:4,1
DA:5,1
DA:6,1
DA:7,1
DA:8,1
DA:9,1
DA:11,1
DA:12,1
DA:13,1
DA:14,1
DA:15,1
DA:17,1
LF:14
LH:14
BRF:0
BRH:0
end_of_record
TN:
SF:src/store/formsSlice.ts
FN:27,upsertEntry
FNF:1
FNH:1
FNDA:3,upsertEntry
DA:1,1
DA:21,1
DA:23,1
DA:24,1
DA:25,1
DA:26,1
DA:27,1
DA:28,3
DA:29,3
DA:30,1
DA:31,1
DA:33,1
DA:34,1
LF:13
LH:13
BRDA:27,0,0,3
BRF:1
BRH:1
end_of_record
TN:
SF:src/store/hooks.ts
FN:5,useAppDispatch
FNF:1
FNH:1
FNDA:25,useAppDispatch
DA:2,1
DA:5,1
DA:6,1
LF:3
LH:3
BRDA:5,0,0,25
BRF:1
BRH:1
end_of_record
TN:
SF:src/store/store.ts
FNF:0
FNH:0
DA:1,1
DA:2,1
DA:3,1
DA:4,1
LF:4
LH:4
BRF:0
BRH:0
end_of_record
